<?xml version="1.0" encoding="UTF-8"?>
<testsuite name="it.tylframework.data.mongo.SampleMongoApplicationTests" time="0.613" tests="1" errors="0" skipped="0" failures="1">
  <properties>
    <property name="idea.version" value="13.1.3"/>
    <property name="java.runtime.name" value="Java(TM) SE Runtime Environment"/>
    <property name="sun.boot.library.path" value="/opt/Java/jdk1.7.0_60/jre/lib/amd64"/>
    <property name="java.vm.version" value="24.60-b09"/>
    <property name="java.vm.vendor" value="Oracle Corporation"/>
    <property name="java.vendor.url" value="http://java.oracle.com/"/>
    <property name="path.separator" value=":"/>
    <property name="guice.disable.misplaced.annotation.check" value="true"/>
    <property name="java.vm.name" value="Java HotSpot(TM) 64-Bit Server VM"/>
    <property name="file.encoding.pkg" value="sun.io"/>
    <property name="idea.launcher.port" value="7548"/>
    <property name="user.country" value="IT"/>
    <property name="sun.java.launcher" value="SUN_STANDARD"/>
    <property name="sun.os.patch.level" value="unknown"/>
    <property name="java.vm.specification.name" value="Java Virtual Machine Specification"/>
    <property name="user.dir" value="/home/marco/TylProject/MongoDbContainer"/>
    <property name="java.runtime.version" value="1.7.0_60-b19"/>
    <property name="java.awt.graphicsenv" value="sun.awt.X11GraphicsEnvironment"/>
    <property name="java.endorsed.dirs" value="/opt/Java/jdk1.7.0_60/jre/lib/endorsed"/>
    <property name="os.arch" value="amd64"/>
    <property name="java.io.tmpdir" value="/tmp"/>
    <property name="line.separator" value="&#10;"/>
    <property name="java.vm.specification.vendor" value="Oracle Corporation"/>
    <property name="os.name" value="Linux"/>
    <property name="classworlds.conf" value="/usr/share/maven/bin/m2.conf"/>
    <property name="sun.jnu.encoding" value="UTF-8"/>
    <property name="java.library.path" value="/opt/idea-IU-135.909/bin::/usr/java/packages/lib/amd64:/usr/lib64:/lib64:/lib:/usr/lib"/>
    <property name="java.specification.name" value="Java Platform API Specification"/>
    <property name="java.class.version" value="51.0"/>
    <property name="sun.management.compiler" value="HotSpot 64-Bit Tiered Compilers"/>
    <property name="os.version" value="3.13.0-24-generic"/>
    <property name="user.home" value="/home/marco"/>
    <property name="user.timezone" value="Europe/Rome"/>
    <property name="java.awt.printerjob" value="sun.print.PSPrinterJob"/>
    <property name="java.specification.version" value="1.7"/>
    <property name="idea.launcher.bin.path" value="/opt/idea-IU-135.909/bin"/>
    <property name="file.encoding" value="UTF-8"/>
    <property name="user.name" value="marco"/>
    <property name="java.class.path" value="/usr/share/maven/boot/plexus-classworlds-2.x.jar:/opt/idea-IU-135.909/lib/idea_rt.jar"/>
    <property name="java.vm.specification.version" value="1.7"/>
    <property name="sun.arch.data.model" value="64"/>
    <property name="java.home" value="/opt/Java/jdk1.7.0_60/jre"/>
    <property name="sun.java.command" value="com.intellij.rt.execution.application.AppMain org.codehaus.classworlds.Launcher -Didea.version=13.1.3 test"/>
    <property name="java.specification.vendor" value="Oracle Corporation"/>
    <property name="user.language" value="it"/>
    <property name="awt.toolkit" value="sun.awt.X11.XToolkit"/>
    <property name="java.vm.info" value="mixed mode"/>
    <property name="java.version" value="1.7.0_60"/>
    <property name="java.ext.dirs" value="/opt/Java/jdk1.7.0_60/jre/lib/ext:/usr/java/packages/lib/ext"/>
    <property name="securerandom.source" value="file:/dev/./urandom"/>
    <property name="sun.boot.class.path" value="/opt/Java/jdk1.7.0_60/jre/lib/resources.jar:/opt/Java/jdk1.7.0_60/jre/lib/rt.jar:/opt/Java/jdk1.7.0_60/jre/lib/sunrsasign.jar:/opt/Java/jdk1.7.0_60/jre/lib/jsse.jar:/opt/Java/jdk1.7.0_60/jre/lib/jce.jar:/opt/Java/jdk1.7.0_60/jre/lib/charsets.jar:/opt/Java/jdk1.7.0_60/jre/lib/jfr.jar:/opt/Java/jdk1.7.0_60/jre/classes"/>
    <property name="java.vendor" value="Oracle Corporation"/>
    <property name="maven.home" value="/usr/share/maven"/>
    <property name="file.separator" value="/"/>
    <property name="java.vendor.url.bug" value="http://bugreport.sun.com/bugreport/"/>
    <property name="sun.cpu.endian" value="little"/>
    <property name="sun.io.unicode.encoding" value="UnicodeLittle"/>
    <property name="sun.desktop" value="gnome"/>
    <property name="sun.cpu.isalist" value=""/>
  </properties>
  <testcase name="testDefaultSettings" classname="it.tylframework.data.mongo.SampleMongoApplicationTests" time="0.613">
    <failure message="Wrong output: &#10;  .   ____          _            __ _ _&#10; /\\ / ___&apos;_ __ _ _(_)_ __  __ _ \ \ \ \&#10;( ( )\___ | &apos;_ | &apos;_| | &apos;_ \/ _` | \ \ \ \&#10; \\/  ___)| |_)| | | | | || (_| |  ) ) ) )&#10;  &apos;  |____| .__|_| |_|_| |_\__, | / / / /&#10; =========|_|==============|___/=/_/_/_/&#10; :: Spring Boot ::        (v1.0.2.RELEASE)&#10;&#10;2014-07-12 18:18:55.384  INFO 5740 --- [           main] i.t.data.mongo.SampleMongoApplication    : Starting SampleMongoApplication on mint-dell with PID 5740 (/home/marco/TylProject/MongoDbContainer/target/classes started by marco in /home/marco/TylProject/MongoDbContainer)&#10;2014-07-12 18:18:55.388  INFO 5740 --- [           main] s.c.a.AnnotationConfigApplicationContext : Refreshing org.springframework.context.annotation.AnnotationConfigApplicationContext@58f70a5: startup date [Sat Jul 12 18:18:55 CEST 2014]; root of context hierarchy&#10;2014-07-12 18:18:55.850  INFO 5740 --- [           main] o.s.j.e.a.AnnotationMBeanExporter        : Registering beans for JMX exposure on startup&#10;Customers found with findAll():&#10;-------------------------------&#10;Customer[id=53c15fefe4b050836f3f291d, firstName=&apos;Andrea&apos;, lastName=&apos;Novara&apos;]&#10;Customer[id=53c15fefe4b050836f3f291e, firstName=&apos;Edoardo&apos;, lastName=&apos;Vacchi&apos;]&#10;Customer[id=53c15fefe4b050836f3f291f, firstName=&apos;Marco&apos;, lastName=&apos;Pancotti&apos;]&#10;Customer[id=53c15fefe4b050836f3f2920, firstName=&apos;Alessandro&apos;, lastName=&apos;Mongelli&apos;]&#10;Customer[id=53c15fefe4b050836f3f2921, firstName=&apos;Michele&apos;, lastName=&apos;Sciabarra&apos;]&#10;Customer[id=53c15fefe4b050836f3f2922, firstName=&apos;Adriano&apos;, lastName=&apos;Marchetti&apos;]&#10;Customer[id=53c15fefe4b050836f3f2923, firstName=&apos;Luca&apos;, lastName=&apos;Buraggi&apos;]&#10;&#10;2014-07-12 18:18:55.915  INFO 5740 --- [           main] i.t.data.mongo.SampleMongoApplication    : Started SampleMongoApplication in 0.609 seconds (JVM running for 3.833)&#10;" type="java.lang.AssertionError">java.lang.AssertionError: Wrong output: 
  .   ____          _            __ _ _
 /\\ / ___'_ __ _ _(_)_ __  __ _ \ \ \ \
( ( )\___ | '_ | '_| | '_ \/ _` | \ \ \ \
 \\/  ___)| |_)| | | | | || (_| |  ) ) ) )
  '  |____| .__|_| |_|_| |_\__, | / / / /
 =========|_|==============|___/=/_/_/_/
 :: Spring Boot ::        (v1.0.2.RELEASE)

2014-07-12 18:18:55.384  INFO 5740 --- [           main] i.t.data.mongo.SampleMongoApplication    : Starting SampleMongoApplication on mint-dell with PID 5740 (/home/marco/TylProject/MongoDbContainer/target/classes started by marco in /home/marco/TylProject/MongoDbContainer)
2014-07-12 18:18:55.388  INFO 5740 --- [           main] s.c.a.AnnotationConfigApplicationContext : Refreshing org.springframework.context.annotation.AnnotationConfigApplicationContext@58f70a5: startup date [Sat Jul 12 18:18:55 CEST 2014]; root of context hierarchy
2014-07-12 18:18:55.850  INFO 5740 --- [           main] o.s.j.e.a.AnnotationMBeanExporter        : Registering beans for JMX exposure on startup
Customers found with findAll():
-------------------------------
Customer[id=53c15fefe4b050836f3f291d, firstName='Andrea', lastName='Novara']
Customer[id=53c15fefe4b050836f3f291e, firstName='Edoardo', lastName='Vacchi']
Customer[id=53c15fefe4b050836f3f291f, firstName='Marco', lastName='Pancotti']
Customer[id=53c15fefe4b050836f3f2920, firstName='Alessandro', lastName='Mongelli']
Customer[id=53c15fefe4b050836f3f2921, firstName='Michele', lastName='Sciabarra']
Customer[id=53c15fefe4b050836f3f2922, firstName='Adriano', lastName='Marchetti']
Customer[id=53c15fefe4b050836f3f2923, firstName='Luca', lastName='Buraggi']

2014-07-12 18:18:55.915  INFO 5740 --- [           main] i.t.data.mongo.SampleMongoApplication    : Started SampleMongoApplication in 0.609 seconds (JVM running for 3.833)

	at org.junit.Assert.fail(Assert.java:88)
	at org.junit.Assert.assertTrue(Assert.java:41)
	at it.tylframework.data.mongo.SampleMongoApplicationTests.testDefaultSettings(SampleMongoApplicationTests.java:49)
</failure>
    <system-out>
  .   ____          _            __ _ _
 /\\ / ___'_ __ _ _(_)_ __  __ _ \ \ \ \
( ( )\___ | '_ | '_| | '_ \/ _` | \ \ \ \
 \\/  ___)| |_)| | | | | || (_| |  ) ) ) )
  '  |____| .__|_| |_|_| |_\__, | / / / /
 =========|_|==============|___/=/_/_/_/
 :: Spring Boot ::        (v1.0.2.RELEASE)

2014-07-12 18:18:55.384  INFO 5740 --- [           main] i.t.data.mongo.SampleMongoApplication    : Starting SampleMongoApplication on mint-dell with PID 5740 (/home/marco/TylProject/MongoDbContainer/target/classes started by marco in /home/marco/TylProject/MongoDbContainer)
2014-07-12 18:18:55.388  INFO 5740 --- [           main] s.c.a.AnnotationConfigApplicationContext : Refreshing org.springframework.context.annotation.AnnotationConfigApplicationContext@58f70a5: startup date [Sat Jul 12 18:18:55 CEST 2014]; root of context hierarchy
2014-07-12 18:18:55.850  INFO 5740 --- [           main] o.s.j.e.a.AnnotationMBeanExporter        : Registering beans for JMX exposure on startup
Customers found with findAll():
-------------------------------
Customer[id=53c15fefe4b050836f3f291d, firstName='Andrea', lastName='Novara']
Customer[id=53c15fefe4b050836f3f291e, firstName='Edoardo', lastName='Vacchi']
Customer[id=53c15fefe4b050836f3f291f, firstName='Marco', lastName='Pancotti']
Customer[id=53c15fefe4b050836f3f2920, firstName='Alessandro', lastName='Mongelli']
Customer[id=53c15fefe4b050836f3f2921, firstName='Michele', lastName='Sciabarra']
Customer[id=53c15fefe4b050836f3f2922, firstName='Adriano', lastName='Marchetti']
Customer[id=53c15fefe4b050836f3f2923, firstName='Luca', lastName='Buraggi']

2014-07-12 18:18:55.915  INFO 5740 --- [           main] i.t.data.mongo.SampleMongoApplication    : Started SampleMongoApplication in 0.609 seconds (JVM running for 3.833)
</system-out>
  </testcase>
</testsuite>